# JRE version: Java(TM) SE Runtime Environment (9.0+11) (build 9.0.1+11)
# Java VM: Java HotSpot(TM) 64-Bit Server VM (9.0.1+11, mixed mode, tiered, compressed oops, g1 gc, windows-amd64)
Heap:
 garbage-first heap   total 80896K, used 41553K [0x00000000c0000000, 0x00000000c0100278, 0x0000000100000000)
  region size 1024K, 35 young (35840K), 5 survivors (5120K)
 Metaspace       used 18893K, capacity 19270K, committed 19456K, reserved 1067008K
  class space    used 2123K, capacity 2270K, committed 2304K, reserved 1048576K
GC Heap History (10 events):
Event: 0.657 GC heap before
{Heap before GC invocations=0 (full 0):
 garbage-first heap   total 65536K, used 7168K [0x00000000c0000000, 0x00000000c0100200, 0x0000000100000000)
  region size 1024K, 7 young (7168K), 0 survivors (0K)
 Metaspace       used 7202K, capacity 7418K, committed 7552K, reserved 1056768K
  class space    used 710K, capacity 784K, committed 896K, reserved 1048576K
}
Event: 0.666 GC heap after
{Heap after GC invocations=1 (full 0):
 garbage-first heap   total 65536K, used 3397K [0x00000000c0000000, 0x00000000c0100200, 0x0000000100000000)
  region size 1024K, 1 young (1024K), 1 survivors (1024K)
 Metaspace       used 7202K, capacity 7418K, committed 7552K, reserved 1056768K
  class space    used 710K, capacity 784K, committed 896K, reserved 1048576K
}
Event: 0.833 GC heap before
{Heap before GC invocations=1 (full 0):
 garbage-first heap   total 65536K, used 6469K [0x00000000c0000000, 0x00000000c0100200, 0x0000000100000000)
  region size 1024K, 4 young (4096K), 1 survivors (1024K)
 Metaspace       used 8117K, capacity 8384K, committed 8576K, reserved 1056768K
  class space    used 811K, capacity 887K, committed 896K, reserved 1048576K
}
Event: 0.841 GC heap after
{Heap after GC invocations=2 (full 0):
 garbage-first heap   total 65536K, used 4181K [0x00000000c0000000, 0x00000000c0100200, 0x0000000100000000)
  region size 1024K, 1 young (1024K), 1 survivors (1024K)
 Metaspace       used 8117K, capacity 8384K, committed 8576K, reserved 1056768K
  class space    used 811K, capacity 887K, committed 896K, reserved 1048576K
}
Event: 1.370 GC heap before
{Heap before GC invocations=2 (full 0):
 garbage-first heap   total 65536K, used 14421K [0x00000000c0000000, 0x00000000c0100200, 0x0000000100000000)
  region size 1024K, 11 young (11264K), 1 survivors (1024K)
 Metaspace       used 11136K, capacity 11444K, committed 11648K, reserved 1058816K
  class space    used 1227K, capacity 1307K, committed 1408K, reserved 1048576K
}
Event: 1.377 GC heap after
{Heap after GC invocations=3 (full 0):
 garbage-first heap   total 65536K, used 5822K [0x00000000c0000000, 0x00000000c0100200, 0x0000000100000000)
  region size 1024K, 2 young (2048K), 2 survivors (2048K)
 Metaspace       used 11136K, capacity 11444K, committed 11648K, reserved 1058816K
  class space    used 1227K, capacity 1307K, committed 1408K, reserved 1048576K
}
Event: 2.214 GC heap before
{Heap before GC invocations=3 (full 0):
 garbage-first heap   total 65536K, used 33470K [0x00000000c0000000, 0x00000000c0100200, 0x0000000100000000)
  region size 1024K, 29 young (29696K), 2 survivors (2048K)
 Metaspace       used 13903K, capacity 14206K, committed 14336K, reserved 1062912K
  class space    used 1575K, capacity 1670K, committed 1792K, reserved 1048576K
}
Event: 2.228 GC heap after
{Heap after GC invocations=4 (full 0):
 garbage-first heap   total 65536K, used 8498K [0x00000000c0000000, 0x00000000c0100200, 0x0000000100000000)
  region size 1024K, 4 young (4096K), 4 survivors (4096K)
 Metaspace       used 13903K, capacity 14206K, committed 14336K, reserved 1062912K
  class space    used 1575K, capacity 1670K, committed 1792K, reserved 1048576K
}
Event: 3.645 GC heap before
{Heap before GC invocations=4 (full 0):
 garbage-first heap   total 65536K, used 40242K [0x00000000c0000000, 0x00000000c0100200, 0x0000000100000000)
  region size 1024K, 35 young (35840K), 4 survivors (4096K)
 Metaspace       used 18275K, capacity 18666K, committed 18944K, reserved 1067008K
  class space    used 2087K, capacity 2202K, committed 2304K, reserved 1048576K
}
Event: 3.673 GC heap after
{Heap after GC invocations=5 (full 0):
 garbage-first heap   total 80896K, used 11857K [0x00000000c0000000, 0x00000000c0100278, 0x0000000100000000)
  region size 1024K, 5 young (5120K), 5 survivors (5120K)
 Metaspace       used 18275K, capacity 18666K, committed 18944K, reserved 1067008K
  class space    used 2087K, capacity 2202K, committed 2304K, reserved 1048576K
}

